yarn run v1.22.19
$ storybook build --output-dir /tmp/chromatic--750-lW4jIzXWCbBd
@storybook/cli v8.0.10

info => Cleaning outputDir: ../../../tmp/chromatic--750-lW4jIzXWCbBd
info => Loading presets
info => Building manager..
info => Manager built (206 ms)
info => Building preview..
WARN No story files found for the specified pattern: src/**/*.mdx
info Addon-docs: using MDX3
info => Using implicit CSS loaders
info => Copying static files: public at ../../../tmp/chromatic--750-lW4jIzXWCbBd
info => Using SWC as compiler
info => Using default Webpack5 setup
info Using tsconfig paths for react-docgen
WARN asset size limit: The following asset(s) exceed the recommended size limit (244 KiB).
WARN This can impact web performance.
WARN Assets: 
WARN   716.3bdc37d7.iframe.bundle.js (1.64 MiB)
WARN   746.a369ce58.iframe.bundle.js (626 KiB)
WARN entrypoint size limit: The following entrypoint(s) combined asset size exceeds the recommended limit (244 KiB). This can impact web performance.
WARN Entrypoints:
WARN   main (1.7 MiB)
WARN       runtime~main.d5e86e24.iframe.bundle.js
WARN       716.3bdc37d7.iframe.bundle.js
WARN       main.dd0c3eb9.iframe.bundle.js
WARN 
info => Preview built (6.92 s)
info => Output directory: /tmp/chromatic--750-lW4jIzXWCbBd
Done in 10.31s.
